Starting a Gradle Daemon (subsequent builds will be faster)
> Task :compileJava UP-TO-DATE
> Task :processResources NO-SOURCE
> Task :classes UP-TO-DATE
> Task :compileTestJava
> Task :processTestResources NO-SOURCE
> Task :testClasses

> Task :nondexTest FAILED
Running with arguments: [-Xbootclasspath/p:/home/xinyuwu4/simple_project/build/out.jar:/home/xinyuwu4/.m2/repository/edu/illinois/nondex-common/1.1.3-SNAPSHOT/nondex-common-1.1.3-SNAPSHOT.jar]

com.mary.GradleTutorialTest > flakyTest1 FAILED
    org.junit.ComparisonFailure: expected:<[[1, 2]]> but was:<[[2, 1]]>
        at org.junit.Assert.assertEquals(Assert.java:117)
        at org.junit.Assert.assertEquals(Assert.java:146)
        at com.mary.GradleTutorialTest.flakyTest1(GradleTutorialTest.java:40)

1 test completed, 1 failed

FAILURE: Build failed with an exception.

* What went wrong:
Execution failed for task ':nondexTest'.
> There were failing tests. See the report at: file:///home/xinyuwu4/simple_project/build/reports/tests/nondexTest/index.html

* Try:
> Run with --stacktrace option to get the stack trace.
> Run with --info or --debug option to get more log output.
> Run with --scan to get full insights.

* Get more help at https://help.gradle.org

BUILD FAILED in 10s
3 actionable tasks: 2 executed, 1 up-to-date
